apps/bridge/app/build/intermediates/manifest_merge_blame_file/debug/manifest-merger-blame-debug-report.txt
1<?xml version="1.0" encoding="utf-8"?>
2<manifest xmlns:android="http://schemas.android.com/apk/res/android"
3    package="com.pixelbridge.complications"
4    android:versionCode="210"
5    android:versionName="2.1.0" >
6
7    <uses-sdk
8        android:minSdkVersion="30"
9        android:targetSdkVersion="34" />
10
11    <uses-feature android:name="android.hardware.type.watch" />
11-->src/main/AndroidManifest.xml:4:5-64
11-->src/main/AndroidManifest.xml:4:19-61
12
13    <!-- Legacy Permissions (API 33-35) -->
14    <uses-permission android:name="android.permission.BODY_SENSORS" />
14-->src/main/AndroidManifest.xml:7:5-71
14-->src/main/AndroidManifest.xml:7:22-68
15    <uses-permission android:name="android.permission.BODY_SENSORS_BACKGROUND" />
15-->src/main/AndroidManifest.xml:8:5-82
15-->src/main/AndroidManifest.xml:8:22-79
16    <uses-permission android:name="android.permission.ACTIVITY_RECOGNITION" />
16-->src/main/AndroidManifest.xml:9:5-79
16-->src/main/AndroidManifest.xml:9:22-76
17    <uses-permission android:name="android.permission.WAKE_LOCK" />
17-->src/main/AndroidManifest.xml:10:5-68
17-->src/main/AndroidManifest.xml:10:22-65
18
19    <!-- Modern Health Permissions (API 36+) -->
20    <!-- Note: These are placeholder for when SDK 36 is officially targeted -->
21    <uses-permission android:name="android.permission.health.READ_HEART_RATE" />
21-->src/main/AndroidManifest.xml:14:5-81
21-->src/main/AndroidManifest.xml:14:22-78
22    <uses-permission android:name="android.permission.health.READ_STEPS" />
22-->src/main/AndroidManifest.xml:15:5-76
22-->src/main/AndroidManifest.xml:15:22-73
23    <uses-permission android:name="android.permission.health.READ_DISTANCE" />
23-->src/main/AndroidManifest.xml:16:5-79
23-->src/main/AndroidManifest.xml:16:22-76
24    <uses-permission android:name="android.permission.health.READ_CALORIES" />
24-->src/main/AndroidManifest.xml:17:5-79
24-->src/main/AndroidManifest.xml:17:22-76
25
26    <!-- Health Connect Permissions -->
27    <uses-permission android:name="android.permission.health.READ_SLEEP" />
27-->src/main/AndroidManifest.xml:20:5-76
27-->src/main/AndroidManifest.xml:20:22-73
28    <uses-permission android:name="android.permission.health.READ_SPO2" />
28-->src/main/AndroidManifest.xml:21:5-75
28-->src/main/AndroidManifest.xml:21:22-72
29
30    <queries>
30-->[androidx.health:health-services-client:1.0.0] AndroidManifest.xml:19:5-21:15
31        <package android:name="com.google.android.wearable.healthservices" />
31-->[androidx.health:health-services-client:1.0.0] AndroidManifest.xml:20:9-78
31-->[androidx.health:health-services-client:1.0.0] AndroidManifest.xml:20:18-75
32    </queries>
33
34    <permission
34-->[androidx.core:core:1.13.0] AndroidManifest.xml:22:5-24:47
35        android:name="com.pixelbridge.complications.DYNAMIC_RECEIVER_NOT_EXPORTED_PERMISSION"
35-->[androidx.core:core:1.13.0] AndroidManifest.xml:23:9-81
36        android:protectionLevel="signature" />
36-->[androidx.core:core:1.13.0] AndroidManifest.xml:24:9-44
37
38    <uses-permission android:name="com.pixelbridge.complications.DYNAMIC_RECEIVER_NOT_EXPORTED_PERMISSION" />
38-->[androidx.core:core:1.13.0] AndroidManifest.xml:26:5-97
38-->[androidx.core:core:1.13.0] AndroidManifest.xml:26:22-94
39
40    <application
40-->src/main/AndroidManifest.xml:23:5-238:19
41        android:allowBackup="false"
41-->src/main/AndroidManifest.xml:24:9-36
42        android:appComponentFactory="androidx.core.app.CoreComponentFactory"
42-->[androidx.core:core:1.13.0] AndroidManifest.xml:28:18-86
43        android:debuggable="true"
44        android:extractNativeLibs="false"
45        android:icon="@drawable/ic_launcher_foreground"
45-->src/main/AndroidManifest.xml:26:9-56
46        android:label="@string/app_name"
46-->src/main/AndroidManifest.xml:25:9-41
47        android:supportsRtl="true"
47-->src/main/AndroidManifest.xml:27:9-35
48        android:theme="@style/Theme.DeviceDefault" >
48-->src/main/AndroidManifest.xml:28:9-51
49        <meta-data
49-->src/main/AndroidManifest.xml:30:9-32:36
50            android:name="com.google.android.wearable.standalone"
50-->src/main/AndroidManifest.xml:31:13-66
51            android:value="true" />
51-->src/main/AndroidManifest.xml:32:13-33
52
53        <activity
53-->src/main/AndroidManifest.xml:34:9-42:20
54            android:name="com.pixelbridge.complications.PermissionActivity"
54-->src/main/AndroidManifest.xml:35:13-47
55            android:exported="true"
55-->src/main/AndroidManifest.xml:36:13-36
56            android:taskAffinity="" >
56-->src/main/AndroidManifest.xml:37:13-36
57            <intent-filter>
57-->src/main/AndroidManifest.xml:38:13-41:29
58                <action android:name="android.intent.action.MAIN" />
58-->src/main/AndroidManifest.xml:39:17-69
58-->src/main/AndroidManifest.xml:39:25-66
59
60                <category android:name="android.intent.category.INFO" />
60-->src/main/AndroidManifest.xml:40:17-73
60-->src/main/AndroidManifest.xml:40:27-70
61            </intent-filter>
62        </activity>
63
64        <service
64-->src/main/AndroidManifest.xml:44:9-47:102
65            android:name="com.pixelbridge.complications.HealthPassiveListenerService"
65-->src/main/AndroidManifest.xml:45:13-57
66            android:exported="true"
66-->src/main/AndroidManifest.xml:46:13-36
67            android:permission="com.google.android.wearable.permission.BIND_COMPLICATION_PROVIDER" />
67-->src/main/AndroidManifest.xml:47:13-99
68
69        <!-- Real-time Heart Rate -->
70        <service
70-->src/main/AndroidManifest.xml:50:9-65:19
71            android:name="com.pixelbridge.complications.HeartRateComplicationService"
71-->src/main/AndroidManifest.xml:51:13-57
72            android:exported="true"
72-->src/main/AndroidManifest.xml:52:13-36
73            android:icon="@drawable/ic_heart"
73-->src/main/AndroidManifest.xml:54:13-46
74            android:label="Heart Rate (Pixel Bridge)"
74-->src/main/AndroidManifest.xml:53:13-54
75            android:permission="com.google.android.wearable.permission.BIND_COMPLICATION_PROVIDER" >
75-->src/main/AndroidManifest.xml:55:13-99
76            <intent-filter>
76-->src/main/AndroidManifest.xml:56:13-58:29
77                <action android:name="android.support.wearable.complications.ACTION_COMPLICATION_UPDATE_REQUEST" />
77-->src/main/AndroidManifest.xml:57:17-116
77-->src/main/AndroidManifest.xml:57:25-113
78            </intent-filter>
79
80            <meta-data
80-->src/main/AndroidManifest.xml:59:13-61:59
81                android:name="android.support.wearable.complications.SUPPORTED_TYPES"
81-->src/main/AndroidManifest.xml:60:17-86
82                android:value="SHORT_TEXT,RANGED_VALUE" />
82-->src/main/AndroidManifest.xml:61:17-56
83            <meta-data
83-->src/main/AndroidManifest.xml:62:13-64:37
84                android:name="android.support.wearable.complications.UPDATE_PERIOD_SECONDS"
84-->src/main/AndroidManifest.xml:63:17-92
85                android:value="0" />
85-->src/main/AndroidManifest.xml:64:17-34
86        </service>
87
88        <!-- Daily Steps -->
89        <service
89-->src/main/AndroidManifest.xml:68:9-83:19
90            android:name="com.pixelbridge.complications.StepsComplicationService"
90-->src/main/AndroidManifest.xml:69:13-53
91            android:exported="true"
91-->src/main/AndroidManifest.xml:70:13-36
92            android:icon="@drawable/ic_steps"
92-->src/main/AndroidManifest.xml:72:13-46
93            android:label="Steps (Pixel Bridge)"
93-->src/main/AndroidManifest.xml:71:13-49
94            android:permission="com.google.android.wearable.permission.BIND_COMPLICATION_PROVIDER" >
94-->src/main/AndroidManifest.xml:73:13-99
95            <intent-filter>
95-->src/main/AndroidManifest.xml:56:13-58:29
96                <action android:name="android.support.wearable.complications.ACTION_COMPLICATION_UPDATE_REQUEST" />
96-->src/main/AndroidManifest.xml:57:17-116
96-->src/main/AndroidManifest.xml:57:25-113
97            </intent-filter>
98
99            <meta-data
99-->src/main/AndroidManifest.xml:59:13-61:59
100                android:name="android.support.wearable.complications.SUPPORTED_TYPES"
100-->src/main/AndroidManifest.xml:60:17-86
101                android:value="SHORT_TEXT,RANGED_VALUE,GOAL_PROGRESS" />
101-->src/main/AndroidManifest.xml:61:17-56
102            <meta-data
102-->src/main/AndroidManifest.xml:62:13-64:37
103                android:name="android.support.wearable.complications.UPDATE_PERIOD_SECONDS"
103-->src/main/AndroidManifest.xml:63:17-92
104                android:value="0" />
104-->src/main/AndroidManifest.xml:64:17-34
105        </service>
106
107        <!-- Daily Distance -->
108        <service
108-->src/main/AndroidManifest.xml:86:9-100:19
109            android:name="com.pixelbridge.complications.DistanceComplicationService"
109-->src/main/AndroidManifest.xml:87:13-56
110            android:exported="true"
110-->src/main/AndroidManifest.xml:88:13-36
111            android:label="Distance (Pixel Bridge)"
111-->src/main/AndroidManifest.xml:89:13-52
112            android:permission="com.google.android.wearable.permission.BIND_COMPLICATION_PROVIDER" >
112-->src/main/AndroidManifest.xml:90:13-99
113            <intent-filter>
113-->src/main/AndroidManifest.xml:56:13-58:29
114                <action android:name="android.support.wearable.complications.ACTION_COMPLICATION_UPDATE_REQUEST" />
114-->src/main/AndroidManifest.xml:57:17-116
114-->src/main/AndroidManifest.xml:57:25-113
115            </intent-filter>
116
117            <meta-data
117-->src/main/AndroidManifest.xml:59:13-61:59
118                android:name="android.support.wearable.complications.SUPPORTED_TYPES"
118-->src/main/AndroidManifest.xml:60:17-86
119                android:value="SHORT_TEXT" />
119-->src/main/AndroidManifest.xml:61:17-56
120            <meta-data
120-->src/main/AndroidManifest.xml:62:13-64:37
121                android:name="android.support.wearable.complications.UPDATE_PERIOD_SECONDS"
121-->src/main/AndroidManifest.xml:63:17-92
122                android:value="0" />
122-->src/main/AndroidManifest.xml:64:17-34
123        </service>
124
125        <!-- Daily Calories -->
126        <service
126-->src/main/AndroidManifest.xml:103:9-117:19
127            android:name="com.pixelbridge.complications.CaloriesComplicationService"
127-->src/main/AndroidManifest.xml:104:13-56
128            android:exported="true"
128-->src/main/AndroidManifest.xml:105:13-36
129            android:label="Calories (Pixel Bridge)"
129-->src/main/AndroidManifest.xml:106:13-52
130            android:permission="com.google.android.wearable.permission.BIND_COMPLICATION_PROVIDER" >
130-->src/main/AndroidManifest.xml:107:13-99
131            <intent-filter>
131-->src/main/AndroidManifest.xml:56:13-58:29
132                <action android:name="android.support.wearable.complications.ACTION_COMPLICATION_UPDATE_REQUEST" />
132-->src/main/AndroidManifest.xml:57:17-116
132-->src/main/AndroidManifest.xml:57:25-113
133            </intent-filter>
134
135            <meta-data
135-->src/main/AndroidManifest.xml:59:13-61:59
136                android:name="android.support.wearable.complications.SUPPORTED_TYPES"
136-->src/main/AndroidManifest.xml:60:17-86
137                android:value="SHORT_TEXT" />
137-->src/main/AndroidManifest.xml:61:17-56
138            <meta-data
138-->src/main/AndroidManifest.xml:62:13-64:37
139                android:name="android.support.wearable.complications.UPDATE_PERIOD_SECONDS"
139-->src/main/AndroidManifest.xml:63:17-92
140                android:value="0" />
140-->src/main/AndroidManifest.xml:64:17-34
141        </service>
142
143        <!-- Floors Climbed -->
144        <service
144-->src/main/AndroidManifest.xml:120:9-134:19
145            android:name="com.pixelbridge.complications.FloorsComplicationService"
145-->src/main/AndroidManifest.xml:121:13-54
146            android:exported="true"
146-->src/main/AndroidManifest.xml:122:13-36
147            android:label="Floors (Pixel Bridge)"
147-->src/main/AndroidManifest.xml:123:13-50
148            android:permission="com.google.android.wearable.permission.BIND_COMPLICATION_PROVIDER" >
148-->src/main/AndroidManifest.xml:124:13-99
149            <intent-filter>
149-->src/main/AndroidManifest.xml:56:13-58:29
150                <action android:name="android.support.wearable.complications.ACTION_COMPLICATION_UPDATE_REQUEST" />
150-->src/main/AndroidManifest.xml:57:17-116
150-->src/main/AndroidManifest.xml:57:25-113
151            </intent-filter>
152
153            <meta-data
153-->src/main/AndroidManifest.xml:59:13-61:59
154                android:name="android.support.wearable.complications.SUPPORTED_TYPES"
154-->src/main/AndroidManifest.xml:60:17-86
155                android:value="SHORT_TEXT" />
155-->src/main/AndroidManifest.xml:61:17-56
156            <meta-data
156-->src/main/AndroidManifest.xml:62:13-64:37
157                android:name="android.support.wearable.complications.UPDATE_PERIOD_SECONDS"
157-->src/main/AndroidManifest.xml:63:17-92
158                android:value="0" />
158-->src/main/AndroidManifest.xml:64:17-34
159        </service>
160
161        <!-- Blood Oxygen (SpO2) -->
162        <service
162-->src/main/AndroidManifest.xml:137:9-151:19
163            android:name="com.pixelbridge.complications.SpO2ComplicationService"
163-->src/main/AndroidManifest.xml:138:13-52
164            android:exported="true"
164-->src/main/AndroidManifest.xml:139:13-36
165            android:label="SpO2 (Pixel Bridge)"
165-->src/main/AndroidManifest.xml:140:13-48
166            android:permission="com.google.android.wearable.permission.BIND_COMPLICATION_PROVIDER" >
166-->src/main/AndroidManifest.xml:141:13-99
167            <intent-filter>
167-->src/main/AndroidManifest.xml:56:13-58:29
168                <action android:name="android.support.wearable.complications.ACTION_COMPLICATION_UPDATE_REQUEST" />
168-->src/main/AndroidManifest.xml:57:17-116
168-->src/main/AndroidManifest.xml:57:25-113
169            </intent-filter>
170
171            <meta-data
171-->src/main/AndroidManifest.xml:59:13-61:59
172                android:name="android.support.wearable.complications.SUPPORTED_TYPES"
172-->src/main/AndroidManifest.xml:60:17-86
173                android:value="SHORT_TEXT,RANGED_VALUE" />
173-->src/main/AndroidManifest.xml:61:17-56
174            <meta-data
174-->src/main/AndroidManifest.xml:62:13-64:37
175                android:name="android.support.wearable.complications.UPDATE_PERIOD_SECONDS"
175-->src/main/AndroidManifest.xml:63:17-92
176                android:value="0" />
176-->src/main/AndroidManifest.xml:64:17-34
177        </service>
178
179        <!-- Sleep Duration -->
180        <service
180-->src/main/AndroidManifest.xml:154:9-168:19
181            android:name="com.pixelbridge.complications.SleepComplicationService"
181-->src/main/AndroidManifest.xml:155:13-53
182            android:exported="true"
182-->src/main/AndroidManifest.xml:156:13-36
183            android:label="Sleep (Pixel Bridge)"
183-->src/main/AndroidManifest.xml:157:13-49
184            android:permission="com.google.android.wearable.permission.BIND_COMPLICATION_PROVIDER" >
184-->src/main/AndroidManifest.xml:158:13-99
185            <intent-filter>
185-->src/main/AndroidManifest.xml:56:13-58:29
186                <action android:name="android.support.wearable.complications.ACTION_COMPLICATION_UPDATE_REQUEST" />
186-->src/main/AndroidManifest.xml:57:17-116
186-->src/main/AndroidManifest.xml:57:25-113
187            </intent-filter>
188
189            <meta-data
189-->src/main/AndroidManifest.xml:59:13-61:59
190                android:name="android.support.wearable.complications.SUPPORTED_TYPES"
190-->src/main/AndroidManifest.xml:60:17-86
191                android:value="SHORT_TEXT" />
191-->src/main/AndroidManifest.xml:61:17-56
192            <meta-data
192-->src/main/AndroidManifest.xml:62:13-64:37
193                android:name="android.support.wearable.complications.UPDATE_PERIOD_SECONDS"
193-->src/main/AndroidManifest.xml:63:17-92
194                android:value="0" />
194-->src/main/AndroidManifest.xml:64:17-34
195        </service>
196
197        <!-- Active Minutes -->
198        <service
198-->src/main/AndroidManifest.xml:171:9-185:19
199            android:name="com.pixelbridge.complications.ActiveMinutesComplicationService"
199-->src/main/AndroidManifest.xml:172:13-61
200            android:exported="true"
200-->src/main/AndroidManifest.xml:173:13-36
201            android:label="Active Minutes (Pixel Bridge)"
201-->src/main/AndroidManifest.xml:174:13-58
202            android:permission="com.google.android.wearable.permission.BIND_COMPLICATION_PROVIDER" >
202-->src/main/AndroidManifest.xml:175:13-99
203            <intent-filter>
203-->src/main/AndroidManifest.xml:56:13-58:29
204                <action android:name="android.support.wearable.complications.ACTION_COMPLICATION_UPDATE_REQUEST" />
204-->src/main/AndroidManifest.xml:57:17-116
204-->src/main/AndroidManifest.xml:57:25-113
205            </intent-filter>
206
207            <meta-data
207-->src/main/AndroidManifest.xml:59:13-61:59
208                android:name="android.support.wearable.complications.SUPPORTED_TYPES"
208-->src/main/AndroidManifest.xml:60:17-86
209                android:value="SHORT_TEXT" />
209-->src/main/AndroidManifest.xml:61:17-56
210            <meta-data
210-->src/main/AndroidManifest.xml:62:13-64:37
211                android:name="android.support.wearable.complications.UPDATE_PERIOD_SECONDS"
211-->src/main/AndroidManifest.xml:63:17-92
212                android:value="0" />
212-->src/main/AndroidManifest.xml:64:17-34
213        </service>
214
215        <!-- Elevation -->
216        <service
216-->src/main/AndroidManifest.xml:188:9-202:19
217            android:name="com.pixelbridge.complications.ElevationComplicationService"
217-->src/main/AndroidManifest.xml:189:13-57
218            android:exported="true"
218-->src/main/AndroidManifest.xml:190:13-36
219            android:label="Elevation (Pixel Bridge)"
219-->src/main/AndroidManifest.xml:191:13-53
220            android:permission="com.google.android.wearable.permission.BIND_COMPLICATION_PROVIDER" >
220-->src/main/AndroidManifest.xml:192:13-99
221            <intent-filter>
221-->src/main/AndroidManifest.xml:56:13-58:29
222                <action android:name="android.support.wearable.complications.ACTION_COMPLICATION_UPDATE_REQUEST" />
222-->src/main/AndroidManifest.xml:57:17-116
222-->src/main/AndroidManifest.xml:57:25-113
223            </intent-filter>
224
225            <meta-data
225-->src/main/AndroidManifest.xml:59:13-61:59
226                android:name="android.support.wearable.complications.SUPPORTED_TYPES"
226-->src/main/AndroidManifest.xml:60:17-86
227                android:value="SHORT_TEXT" />
227-->src/main/AndroidManifest.xml:61:17-56
228            <meta-data
228-->src/main/AndroidManifest.xml:62:13-64:37
229                android:name="android.support.wearable.complications.UPDATE_PERIOD_SECONDS"
229-->src/main/AndroidManifest.xml:63:17-92
230                android:value="0" />
230-->src/main/AndroidManifest.xml:64:17-34
231        </service>
232
233        <!-- HRV -->
234        <service
234-->src/main/AndroidManifest.xml:205:9-219:19
235            android:name="com.pixelbridge.complications.HRVComplicationService"
235-->src/main/AndroidManifest.xml:206:13-51
236            android:exported="true"
236-->src/main/AndroidManifest.xml:207:13-36
237            android:label="HRV (Pixel Bridge)"
237-->src/main/AndroidManifest.xml:208:13-47
238            android:permission="com.google.android.wearable.permission.BIND_COMPLICATION_PROVIDER" >
238-->src/main/AndroidManifest.xml:209:13-99
239            <intent-filter>
239-->src/main/AndroidManifest.xml:56:13-58:29
240                <action android:name="android.support.wearable.complications.ACTION_COMPLICATION_UPDATE_REQUEST" />
240-->src/main/AndroidManifest.xml:57:17-116
240-->src/main/AndroidManifest.xml:57:25-113
241            </intent-filter>
242
243            <meta-data
243-->src/main/AndroidManifest.xml:59:13-61:59
244                android:name="android.support.wearable.complications.SUPPORTED_TYPES"
244-->src/main/AndroidManifest.xml:60:17-86
245                android:value="SHORT_TEXT" />
245-->src/main/AndroidManifest.xml:61:17-56
246            <meta-data
246-->src/main/AndroidManifest.xml:62:13-64:37
247                android:name="android.support.wearable.complications.UPDATE_PERIOD_SECONDS"
247-->src/main/AndroidManifest.xml:63:17-92
248                android:value="0" />
248-->src/main/AndroidManifest.xml:64:17-34
249        </service>
250
251        <!-- Respiratory Rate -->
252        <service
252-->src/main/AndroidManifest.xml:222:9-236:19
253            android:name="com.pixelbridge.complications.RespiratoryRateComplicationService"
253-->src/main/AndroidManifest.xml:223:13-63
254            android:exported="true"
254-->src/main/AndroidManifest.xml:224:13-36
255            android:label="Resp. Rate (Pixel Bridge)"
255-->src/main/AndroidManifest.xml:225:13-54
256            android:permission="com.google.android.wearable.permission.BIND_COMPLICATION_PROVIDER" >
256-->src/main/AndroidManifest.xml:226:13-99
257            <intent-filter>
257-->src/main/AndroidManifest.xml:56:13-58:29
258                <action android:name="android.support.wearable.complications.ACTION_COMPLICATION_UPDATE_REQUEST" />
258-->src/main/AndroidManifest.xml:57:17-116
258-->src/main/AndroidManifest.xml:57:25-113
259            </intent-filter>
260
261            <meta-data
261-->src/main/AndroidManifest.xml:59:13-61:59
262                android:name="android.support.wearable.complications.SUPPORTED_TYPES"
262-->src/main/AndroidManifest.xml:60:17-86
263                android:value="SHORT_TEXT" />
263-->src/main/AndroidManifest.xml:61:17-56
264            <meta-data
264-->src/main/AndroidManifest.xml:62:13-64:37
265                android:name="android.support.wearable.complications.UPDATE_PERIOD_SECONDS"
265-->src/main/AndroidManifest.xml:63:17-92
266                android:value="0" />
266-->src/main/AndroidManifest.xml:64:17-34
267        </service>
268
269        <uses-library
269-->[androidx.wear:wear:1.3.0] AndroidManifest.xml:23:9-25:40
270            android:name="com.google.android.wearable"
270-->[androidx.wear:wear:1.3.0] AndroidManifest.xml:24:13-55
271            android:required="false" />
271-->[androidx.wear:wear:1.3.0] AndroidManifest.xml:25:13-37
272
273        <service
273-->[androidx.health:health-services-client:1.0.0] AndroidManifest.xml:24:9-31:19
274            android:name="androidx.health.services.client.VersionApiService"
274-->[androidx.health:health-services-client:1.0.0] AndroidManifest.xml:25:13-77
275            android:exported="true"
275-->[androidx.health:health-services-client:1.0.0] AndroidManifest.xml:26:13-36
276            android:permission="com.google.android.wearable.healthservices.permission.PASSIVE_DATA_BINDING" >
276-->[androidx.health:health-services-client:1.0.0] AndroidManifest.xml:27:13-108
277            <intent-filter>
277-->[androidx.health:health-services-client:1.0.0] AndroidManifest.xml:28:13-30:29
278                <action android:name="hs.versionclient.BIND" />
278-->[androidx.health:health-services-client:1.0.0] AndroidManifest.xml:29:17-64
278-->[androidx.health:health-services-client:1.0.0] AndroidManifest.xml:29:25-61
279            </intent-filter>
280        </service>
281
282        <activity
282-->[com.google.android.gms:play-services-base:18.5.0] AndroidManifest.xml:5:9-173
283            android:name="com.google.android.gms.common.api.GoogleApiActivity"
283-->[com.google.android.gms:play-services-base:18.5.0] AndroidManifest.xml:5:19-85
284            android:exported="false"
284-->[com.google.android.gms:play-services-base:18.5.0] AndroidManifest.xml:5:146-170
285            android:theme="@android:style/Theme.Translucent.NoTitleBar" />
285-->[com.google.android.gms:play-services-base:18.5.0] AndroidManifest.xml:5:86-145
286
287        <meta-data
287-->[com.google.android.gms:play-services-basement:18.4.0] AndroidManifest.xml:6:9-122
288            android:name="com.google.android.gms.version"
288-->[com.google.android.gms:play-services-basement:18.4.0] AndroidManifest.xml:6:20-65
289            android:value="@integer/google_play_services_version" />
289-->[com.google.android.gms:play-services-basement:18.4.0] AndroidManifest.xml:6:66-119
290
291        <service
291-->[androidx.health.connect:connect-client:1.0.0-alpha11] AndroidManifest.xml:24:9-32:19
292            android:name="androidx.health.platform.client.impl.sdkservice.HealthDataSdkService"
292-->[androidx.health.connect:connect-client:1.0.0-alpha11] AndroidManifest.xml:25:13-96
293            android:enabled="true"
293-->[androidx.health.connect:connect-client:1.0.0-alpha11] AndroidManifest.xml:26:13-35
294            android:exported="true" >
294-->[androidx.health.connect:connect-client:1.0.0-alpha11] AndroidManifest.xml:27:13-36
295            <intent-filter>
295-->[androidx.health.connect:connect-client:1.0.0-alpha11] AndroidManifest.xml:29:13-31:29
296                <action android:name="androidx.health.platform.client.ACTION_BIND_SDK_SERVICE" />
296-->[androidx.health.connect:connect-client:1.0.0-alpha11] AndroidManifest.xml:30:17-98
296-->[androidx.health.connect:connect-client:1.0.0-alpha11] AndroidManifest.xml:30:25-95
297            </intent-filter>
298        </service>
299
300        <provider
300-->[androidx.profileinstaller:profileinstaller:1.3.0] AndroidManifest.xml:24:9-32:20
301            android:name="androidx.startup.InitializationProvider"
301-->[androidx.profileinstaller:profileinstaller:1.3.0] AndroidManifest.xml:25:13-67
302            android:authorities="com.pixelbridge.complications.androidx-startup"
302-->[androidx.profileinstaller:profileinstaller:1.3.0] AndroidManifest.xml:26:13-68
303            android:exported="false" >
303-->[androidx.profileinstaller:profileinstaller:1.3.0] AndroidManifest.xml:27:13-37
304            <meta-data
304-->[androidx.profileinstaller:profileinstaller:1.3.0] AndroidManifest.xml:29:13-31:52
305                android:name="androidx.profileinstaller.ProfileInstallerInitializer"
305-->[androidx.profileinstaller:profileinstaller:1.3.0] AndroidManifest.xml:30:17-85
306                android:value="androidx.startup" />
306-->[androidx.profileinstaller:profileinstaller:1.3.0] AndroidManifest.xml:31:17-49
307        </provider>
308
309        <receiver
309-->[androidx.profileinstaller:profileinstaller:1.3.0] AndroidManifest.xml:34:9-52:20
310            android:name="androidx.profileinstaller.ProfileInstallReceiver"
310-->[androidx.profileinstaller:profileinstaller:1.3.0] AndroidManifest.xml:35:13-76
311            android:directBootAware="false"
311-->[androidx.profileinstaller:profileinstaller:1.3.0] AndroidManifest.xml:36:13-44
312            android:enabled="true"
312-->[androidx.profileinstaller:profileinstaller:1.3.0] AndroidManifest.xml:37:13-35
313            android:exported="true"
313-->[androidx.profileinstaller:profileinstaller:1.3.0] AndroidManifest.xml:38:13-36
314            android:permission="android.permission.DUMP" >
314-->[androidx.profileinstaller:profileinstaller:1.3.0] AndroidManifest.xml:39:13-57
315            <intent-filter>
315-->[androidx.profileinstaller:profileinstaller:1.3.0] AndroidManifest.xml:40:13-42:29
316                <action android:name="androidx.profileinstaller.action.INSTALL_PROFILE" />
316-->[androidx.profileinstaller:profileinstaller:1.3.0] AndroidManifest.xml:41:17-91
316-->[androidx.profileinstaller:profileinstaller:1.3.0] AndroidManifest.xml:41:25-88
317            </intent-filter>
318            <intent-filter>
318-->[androidx.profileinstaller:profileinstaller:1.3.0] AndroidManifest.xml:43:13-45:29
319                <action android:name="androidx.profileinstaller.action.SKIP_FILE" />
319-->[androidx.profileinstaller:profileinstaller:1.3.0] AndroidManifest.xml:44:17-85
319-->[androidx.profileinstaller:profileinstaller:1.3.0] AndroidManifest.xml:44:25-82
320            </intent-filter>
321            <intent-filter>
321-->[androidx.profileinstaller:profileinstaller:1.3.0] AndroidManifest.xml:46:13-48:29
322                <action android:name="androidx.profileinstaller.action.SAVE_PROFILE" />
322-->[androidx.profileinstaller:profileinstaller:1.3.0] AndroidManifest.xml:47:17-88
322-->[androidx.profileinstaller:profileinstaller:1.3.0] AndroidManifest.xml:47:25-85
323            </intent-filter>
324            <intent-filter>
324-->[androidx.profileinstaller:profileinstaller:1.3.0] AndroidManifest.xml:49:13-51:29
325                <action android:name="androidx.profileinstaller.action.BENCHMARK_OPERATION" />
325-->[androidx.profileinstaller:profileinstaller:1.3.0] AndroidManifest.xml:50:17-95
325-->[androidx.profileinstaller:profileinstaller:1.3.0] AndroidManifest.xml:50:25-92
326            </intent-filter>
327        </receiver>
328    </application>
329
330</manifest>